[2026-02-23 09:55:07] 开始每周SEO优化与修复任务

=== 第一阶段：全面分析 ===

[2026-02-23 09:55:07] 1.1 技术SEO检查...
[2026-02-23 09:55:07]   robots.txt: 存在 (21 行)
[2026-02-23 09:55:07]   sitemap.xml: 存在 (1 个URL)
[2026-02-23 09:55:07]   结构化数据模板: 存在 (2 个schema引用)

=== 1.2 内容SEO分析 ===

[2026-02-23 09:55:07]   文章总数: 4 篇
[2026-02-23 09:55:07]   文章元数据: 完整 ✅

=== 第二阶段：自动修复 ===

[2026-02-23 09:55:07] 重新构建网站...
Start building sites … 
hugo v0.146.0-5d1b9d39858bb0b2e505af9f649bfb55295ecca1+extended linux/amd64 BuildDate=2025-04-10T14:57:56Z VendorInfo=gohugoio

WARN  Raw HTML omitted while rendering "/root/.openclaw/workspace/dondrub3-blog/content/posts/2026-02-22-tariff-psychology.md"; see https://gohugo.io/getting-started/configuration-markup/#rendererunsafe
You can suppress this warning by adding the following to your site configuration:
ignoreLogs = ['warning-goldmark-raw-html']

                   | EN  
-------------------+-----
  Pages            | 65  
  Paginator pages  |  0  
  Non-page files   |  0  
  Static files     |  1  
  Processed images |  0  
  Aliases          | 27  
  Cleaned          |  0  

Total in 176 ms
[2026-02-23 09:55:07]   网站构建成功 ✅
[2026-02-23 09:55:07]   新sitemap包含 1 个URL

=== 第三阶段：优化建议 ===

[2026-02-23 09:55:07] 短期优化建议（本周可执行）：
[2026-02-23 09:55:07] 1. 检查并修复所有文章的阅读时间和目录设置
[2026-02-23 09:55:07] 2. 为每篇文章添加至少3个相关内部链接
[2026-02-23 09:55:07] 3. 优化现有文章的H2/H3标题结构
[2026-02-23 09:55:07] 4. 检查并修复所有图片的alt标签
[2026-02-23 09:55:07] 中期优化建议（1个月内）：
[2026-02-23 09:55:07] 1. 创建专题内容系列，建立内容集群
[2026-02-23 09:55:07] 2. 实施外链建设策略，获取高质量反向链接
[2026-02-23 09:55:07] 3. 优化网站速度，压缩图片和静态资源
[2026-02-23 09:55:07] 4. 建立社交媒体内容分发流程
[2026-02-23 09:55:07] 长期优化建议（3个月内）：
[2026-02-23 09:55:07] 1. 开发高级结构化数据（FAQ、HowTo、Course）
[2026-02-23 09:55:07] 2. 实施A/B测试优化标题和描述
[2026-02-23 09:55:07] 3. 建立内容更新和刷新机制
[2026-02-23 09:55:07] 4. 开发自动化SEO监控和报警系统

=== 任务总结 ===

[2026-02-23 09:55:07] 总结报告已生成: /root/.openclaw/workspace/dondrub3-blog/memory/seo-summary-2026-02-23.md
[2026-02-23 09:55:07] 本次SEO优化任务完成！修复了 0 个问题。
